# JRE version: Java(TM) SE Runtime Environment (8.0_121-b13) (build 1.8.0_121-b13)
# Java VM: Java HotSpot(TM) 64-Bit Server VM (25.121-b13 mixed mode bsd-amd64 compressed oops)
Heap:
 PSYoungGen      total 76288K, used 24499K [0x000000076ab00000, 0x0000000770000000, 0x00000007c0000000)
  eden space 65536K, 37% used [0x000000076ab00000,0x000000076c2ece10,0x000000076eb00000)
  from space 10752K, 0% used [0x000000076f580000,0x000000076f580000,0x0000000770000000)
  to   space 10752K, 0% used [0x000000076eb00000,0x000000076eb00000,0x000000076f580000)
 ParOldGen       total 108032K, used 28401K [0x00000006c0000000, 0x00000006c6980000, 0x000000076ab00000)
  object space 108032K, 26% used [0x00000006c0000000,0x00000006c1bbc4b8,0x00000006c6980000)
 Metaspace       used 22187K, capacity 22904K, committed 23168K, reserved 1069056K
  class space    used 2975K, capacity 3173K, committed 3200K, reserved 1048576K
GC Heap History (6 events):
Event: 6.267 GC heap before
{Heap before GC invocations=1 (full 0):
 PSYoungGen      total 76288K, used 63517K [0x000000076ab00000, 0x0000000770000000, 0x00000007c0000000)
  eden space 65536K, 96% used [0x000000076ab00000,0x000000076e907588,0x000000076eb00000)
  from space 10752K, 0% used [0x000000076f580000,0x000000076f580000,0x0000000770000000)
  to   space 10752K, 0% used [0x000000076eb00000,0x000000076eb00000,0x000000076f580000)
 ParOldGen       total 175104K, used 0K [0x00000006c0000000, 0x00000006cab00000, 0x000000076ab00000)
  object space 175104K, 0% used [0x00000006c0000000,0x00000006c0000000,0x00000006cab00000)
 Metaspace       used 16129K, capacity 16824K, committed 16896K, reserved 1062912K
  class space    used 2324K, capacity 2497K, committed 2560K, reserved 1048576K
Event: 6.281 GC heap after
Heap after GC invocations=1 (full 0):
 PSYoungGen      total 76288K, used 9534K [0x000000076ab00000, 0x0000000770000000, 0x00000007c0000000)
  eden space 65536K, 0% used [0x000000076ab00000,0x000000076ab00000,0x000000076eb00000)
  from space 10752K, 88% used [0x000000076eb00000,0x000000076f44fb20,0x000000076f580000)
  to   space 10752K, 0% used [0x000000076f580000,0x000000076f580000,0x0000000770000000)
 ParOldGen       total 175104K, used 12825K [0x00000006c0000000, 0x00000006cab00000, 0x000000076ab00000)
  object space 175104K, 7% used [0x00000006c0000000,0x00000006c0c86670,0x00000006cab00000)
 Metaspace       used 16129K, capacity 16824K, committed 16896K, reserved 1062912K
  class space    used 2324K, capacity 2497K, committed 2560K, reserved 1048576K
}
Event: 10.167 GC heap before
{Heap before GC invocations=2 (full 0):
 PSYoungGen      total 76288K, used 25618K [0x000000076ab00000, 0x0000000770000000, 0x00000007c0000000)
  eden space 65536K, 24% used [0x000000076ab00000,0x000000076bab4d00,0x000000076eb00000)
  from space 10752K, 88% used [0x000000076eb00000,0x000000076f44fb20,0x000000076f580000)
  to   space 10752K, 0% used [0x000000076f580000,0x000000076f580000,0x0000000770000000)
 ParOldGen       total 175104K, used 12825K [0x00000006c0000000, 0x00000006cab00000, 0x000000076ab00000)
  object space 175104K, 7% used [0x00000006c0000000,0x00000006c0c86670,0x00000006cab00000)
 Metaspace       used 20440K, capacity 21162K, committed 21296K, reserved 1067008K
  class space    used 2730K, capacity 2916K, committed 2944K, reserved 1048576K
Event: 10.176 GC heap after
Heap after GC invocations=2 (full 0):
 PSYoungGen      total 76288K, used 10744K [0x000000076ab00000, 0x0000000770000000, 0x00000007c0000000)
  eden space 65536K, 0% used [0x000000076ab00000,0x000000076ab00000,0x000000076eb00000)
  from space 10752K, 99% used [0x000000076f580000,0x000000076fffe2c0,0x0000000770000000)
  to   space 10752K, 0% used [0x000000076eb00000,0x000000076eb00000,0x000000076f580000)
 ParOldGen       total 175104K, used 20994K [0x00000006c0000000, 0x00000006cab00000, 0x000000076ab00000)
  object space 175104K, 11% used [0x00000006c0000000,0x00000006c14809a8,0x00000006cab00000)
 Metaspace       used 20440K, capacity 21162K, committed 21296K, reserved 1067008K
  class space    used 2730K, capacity 2916K, committed 2944K, reserved 1048576K
}
Event: 10.176 GC heap before
{Heap before GC invocations=3 (full 1):
 PSYoungGen      total 76288K, used 10744K [0x000000076ab00000, 0x0000000770000000, 0x00000007c0000000)
  eden space 65536K, 0% used [0x000000076ab00000,0x000000076ab00000,0x000000076eb00000)
  from space 10752K, 99% used [0x000000076f580000,0x000000076fffe2c0,0x0000000770000000)
  to   space 10752K, 0% used [0x000000076eb00000,0x000000076eb00000,0x000000076f580000)
 ParOldGen       total 175104K, used 20994K [0x00000006c0000000, 0x00000006cab00000, 0x000000076ab00000)
  object space 175104K, 11% used [0x00000006c0000000,0x00000006c14809a8,0x00000006cab00000)
 Metaspace       used 20440K, capacity 21162K, committed 21296K, reserved 1067008K
  class space    used 2730K, capacity 2916K, committed 2944K, reserved 1048576K
Event: 10.204 GC heap after
Heap after GC invocations=3 (full 1):
 PSYoungGen      total 76288K, used 0K [0x000000076ab00000, 0x0000000770000000, 0x00000007c0000000)
  eden space 65536K, 0% used [0x000000076ab00000,0x000000076ab00000,0x000000076eb00000)
  from space 10752K, 0% used [0x000000076f580000,0x000000076f580000,0x0000000770000000)
  to   space 10752K, 0% used [0x000000076eb00000,0x000000076eb00000,0x000000076f580000)
 ParOldGen       total 108032K, used 28401K [0x00000006c0000000, 0x00000006c6980000, 0x000000076ab00000)
  object space 108032K, 26% used [0x00000006c0000000,0x00000006c1bbc4b8,0x00000006c6980000)
 Metaspace       used 20440K, capacity 21162K, committed 21296K, reserved 1067008K
  class space    used 2730K, capacity 2916K, committed 2944K, reserved 1048576K
}

