# JRE version: Java(TM) SE Runtime Environment (8.0_121-b13) (build 1.8.0_121-b13)
# Java VM: Java HotSpot(TM) 64-Bit Server VM (25.121-b13 mixed mode bsd-amd64 compressed oops)
Heap:
 PSYoungGen      total 248320K, used 59689K [0x000000076ab00000, 0x0000000782080000, 0x00000007c0000000)
  eden space 221696K, 21% used [0x000000076ab00000,0x000000076d8953d8,0x0000000778380000)
  from space 26624K, 48% used [0x0000000778380000,0x0000000779035050,0x0000000779d80000)
  to   space 25088K, 0% used [0x0000000780800000,0x0000000780800000,0x0000000782080000)
 ParOldGen       total 106496K, used 73120K [0x00000006c0000000, 0x00000006c6800000, 0x000000076ab00000)
  object space 106496K, 68% used [0x00000006c0000000,0x00000006c4768108,0x00000006c6800000)
 Metaspace       used 26019K, capacity 26888K, committed 27136K, reserved 1073152K
  class space    used 3389K, capacity 3567K, committed 3584K, reserved 1048576K
GC Heap History (10 events):
Event: 11.539 GC heap before
{Heap before GC invocations=6 (full 1):
 PSYoungGen      total 76288K, used 74126K [0x000000076ab00000, 0x0000000773300000, 0x00000007c0000000)
  eden space 65536K, 100% used [0x000000076ab00000,0x000000076eb00000,0x000000076eb00000)
  from space 10752K, 79% used [0x000000076f580000,0x000000076fde3930,0x0000000770000000)
  to   space 10752K, 0% used [0x000000076eb00000,0x000000076eb00000,0x000000076f580000)
 ParOldGen       total 106496K, used 53667K [0x00000006c0000000, 0x00000006c6800000, 0x000000076ab00000)
  object space 106496K, 50% used [0x00000006c0000000,0x00000006c3468d98,0x00000006c6800000)
 Metaspace       used 24698K, capacity 25390K, committed 25728K, reserved 1071104K
  class space    used 3242K, capacity 3402K, committed 3456K, reserved 1048576K
Event: 11.547 GC heap after
Heap after GC invocations=6 (full 1):
 PSYoungGen      total 76288K, used 8574K [0x000000076ab00000, 0x0000000775680000, 0x00000007c0000000)
  eden space 65536K, 0% used [0x000000076ab00000,0x000000076ab00000,0x000000076eb00000)
  from space 10752K, 79% used [0x000000076eb00000,0x000000076f35f940,0x000000076f580000)
  to   space 26624K, 0% used [0x0000000773c80000,0x0000000773c80000,0x0000000775680000)
 ParOldGen       total 106496K, used 68075K [0x00000006c0000000, 0x00000006c6800000, 0x000000076ab00000)
  object space 106496K, 63% used [0x00000006c0000000,0x00000006c427add8,0x00000006c6800000)
 Metaspace       used 24698K, capacity 25390K, committed 25728K, reserved 1071104K
  class space    used 3242K, capacity 3402K, committed 3456K, reserved 1048576K
}
Event: 21.835 GC heap before
{Heap before GC invocations=7 (full 1):
 PSYoungGen      total 76288K, used 73851K [0x000000076ab00000, 0x0000000775680000, 0x00000007c0000000)
  eden space 65536K, 99% used [0x000000076ab00000,0x000000076eabf578,0x000000076eb00000)
  from space 10752K, 79% used [0x000000076eb00000,0x000000076f35f940,0x000000076f580000)
  to   space 26624K, 0% used [0x0000000773c80000,0x0000000773c80000,0x0000000775680000)
 ParOldGen       total 106496K, used 68075K [0x00000006c0000000, 0x00000006c6800000, 0x000000076ab00000)
  object space 106496K, 63% used [0x00000006c0000000,0x00000006c427add8,0x00000006c6800000)
 Metaspace       used 25986K, capacity 26880K, committed 27136K, reserved 1073152K
  class space    used 3389K, capacity 3567K, committed 3584K, reserved 1048576K
Event: 21.844 GC heap after
Heap after GC invocations=7 (full 1):
 PSYoungGen      total 146944K, used 19774K [0x000000076ab00000, 0x0000000775780000, 0x00000007c0000000)
  eden space 120320K, 0% used [0x000000076ab00000,0x000000076ab00000,0x0000000772080000)
  from space 26624K, 74% used [0x0000000773c80000,0x0000000774fcf970,0x0000000775680000)
  to   space 28160K, 0% used [0x0000000772080000,0x0000000772080000,0x0000000773c00000)
 ParOldGen       total 106496K, used 68083K [0x00000006c0000000, 0x00000006c6800000, 0x000000076ab00000)
  object space 106496K, 63% used [0x00000006c0000000,0x00000006c427cdd8,0x00000006c6800000)
 Metaspace       used 25986K, capacity 26880K, committed 27136K, reserved 1073152K
  class space    used 3389K, capacity 3567K, committed 3584K, reserved 1048576K
}
Event: 22.183 GC heap before
{Heap before GC invocations=8 (full 1):
 PSYoungGen      total 146944K, used 139327K [0x000000076ab00000, 0x0000000775780000, 0x00000007c0000000)
  eden space 120320K, 99% used [0x000000076ab00000,0x0000000771fc03f8,0x0000000772080000)
  from space 26624K, 74% used [0x0000000773c80000,0x0000000774fcf970,0x0000000775680000)
  to   space 28160K, 0% used [0x0000000772080000,0x0000000772080000,0x0000000773c00000)
 ParOldGen       total 106496K, used 68083K [0x00000006c0000000, 0x00000006c6800000, 0x000000076ab00000)
  object space 106496K, 63% used [0x00000006c0000000,0x00000006c427cdd8,0x00000006c6800000)
 Metaspace       used 25988K, capacity 26880K, committed 27136K, reserved 1073152K
  class space    used 3389K, capacity 3567K, committed 3584K, reserved 1048576K
Event: 22.188 GC heap after
Heap after GC invocations=8 (full 1):
 PSYoungGen      total 148480K, used 8820K [0x000000076ab00000, 0x000000077b880000, 0x00000007c0000000)
  eden space 120320K, 0% used [0x000000076ab00000,0x000000076ab00000,0x0000000772080000)
  from space 28160K, 31% used [0x0000000772080000,0x000000077291d340,0x0000000773c00000)
  to   space 27648K, 0% used [0x0000000779d80000,0x0000000779d80000,0x000000077b880000)
 ParOldGen       total 106496K, used 68091K [0x00000006c0000000, 0x00000006c6800000, 0x000000076ab00000)
  object space 106496K, 63% used [0x00000006c0000000,0x00000006c427edd8,0x00000006c6800000)
 Metaspace       used 25988K, capacity 26880K, committed 27136K, reserved 1073152K
  class space    used 3389K, capacity 3567K, committed 3584K, reserved 1048576K
}
Event: 22.490 GC heap before
{Heap before GC invocations=9 (full 1):
 PSYoungGen      total 148480K, used 127538K [0x000000076ab00000, 0x000000077b880000, 0x00000007c0000000)
  eden space 120320K, 98% used [0x000000076ab00000,0x0000000771eef700,0x0000000772080000)
  from space 28160K, 31% used [0x0000000772080000,0x000000077291d340,0x0000000773c00000)
  to   space 27648K, 0% used [0x0000000779d80000,0x0000000779d80000,0x000000077b880000)
 ParOldGen       total 106496K, used 68091K [0x00000006c0000000, 0x00000006c6800000, 0x000000076ab00000)
  object space 106496K, 63% used [0x00000006c0000000,0x00000006c427edd8,0x00000006c6800000)
 Metaspace       used 25998K, capacity 26880K, committed 27136K, reserved 1073152K
  class space    used 3389K, capacity 3567K, committed 3584K, reserved 1048576K
Event: 22.496 GC heap after
Heap after GC invocations=9 (full 1):
 PSYoungGen      total 248320K, used 10912K [0x000000076ab00000, 0x000000077b780000, 0x00000007c0000000)
  eden space 221696K, 0% used [0x000000076ab00000,0x000000076ab00000,0x0000000778380000)
  from space 26624K, 40% used [0x0000000779d80000,0x000000077a828350,0x000000077b780000)
  to   space 26624K, 0% used [0x0000000778380000,0x0000000778380000,0x0000000779d80000)
 ParOldGen       total 106496K, used 68643K [0x00000006c0000000, 0x00000006c6800000, 0x000000076ab00000)
  object space 106496K, 64% used [0x00000006c0000000,0x00000006c4308dd8,0x00000006c6800000)
 Metaspace       used 25998K, capacity 26880K, committed 27136K, reserved 1073152K
  class space    used 3389K, capacity 3567K, committed 3584K, reserved 1048576K
}
Event: 23.083 GC heap before
{Heap before GC invocations=10 (full 1):
 PSYoungGen      total 248320K, used 230790K [0x000000076ab00000, 0x000000077b780000, 0x00000007c0000000)
  eden space 221696K, 99% used [0x000000076ab00000,0x00000007781b97d0,0x0000000778380000)
  from space 26624K, 40% used [0x0000000779d80000,0x000000077a828350,0x000000077b780000)
  to   space 26624K, 0% used [0x0000000778380000,0x0000000778380000,0x0000000779d80000)
 ParOldGen       total 106496K, used 68643K [0x00000006c0000000, 0x00000006c6800000, 0x000000076ab00000)
  object space 106496K, 64% used [0x00000006c0000000,0x00000006c4308dd8,0x00000006c6800000)
 Metaspace       used 26016K, capacity 26888K, committed 27136K, reserved 1073152K
  class space    used 3389K, capacity 3567K, committed 3584K, reserved 1048576K
Event: 23.090 GC heap after
Heap after GC invocations=10 (full 1):
 PSYoungGen      total 248320K, used 13012K [0x000000076ab00000, 0x0000000782080000, 0x00000007c0000000)
  eden space 221696K, 0% used [0x000000076ab00000,0x000000076ab00000,0x0000000778380000)
  from space 26624K, 48% used [0x0000000778380000,0x0000000779035050,0x0000000779d80000)
  to   space 25088K, 0% used [0x0000000780800000,0x0000000780800000,0x0000000782080000)
 ParOldGen       total 106496K, used 73120K [0x00000006c0000000, 0x00000006c6800000, 0x000000076ab00000)
  object space 106496K, 68% used [0x00000006c0000000,0x00000006c4768108,0x00000006c6800000)
 Metaspace       used 26016K, capacity 26888K, committed 27136K, reserved 1073152K
  class space    used 3389K, capacity 3567K, committed 3584K, reserved 1048576K
}

