# JRE version: Java(TM) SE Runtime Environment (8.0_121-b13) (build 1.8.0_121-b13)
# Java VM: Java HotSpot(TM) 64-Bit Server VM (25.121-b13 mixed mode bsd-amd64 compressed oops)
Heap:
 PSYoungGen      total 76288K, used 25978K [0x000000076ab00000, 0x0000000770000000, 0x00000007c0000000)
  eden space 65536K, 39% used [0x000000076ab00000,0x000000076c45ea90,0x000000076eb00000)
  from space 10752K, 0% used [0x000000076f580000,0x000000076f580000,0x0000000770000000)
  to   space 10752K, 0% used [0x000000076eb00000,0x000000076eb00000,0x000000076f580000)
 ParOldGen       total 106496K, used 28403K [0x00000006c0000000, 0x00000006c6800000, 0x000000076ab00000)
  object space 106496K, 26% used [0x00000006c0000000,0x00000006c1bbcdb8,0x00000006c6800000)
 Metaspace       used 22347K, capacity 23072K, committed 23424K, reserved 1069056K
  class space    used 2988K, capacity 3183K, committed 3200K, reserved 1048576K
GC Heap History (6 events):
Event: 7.095 GC heap before
{Heap before GC invocations=1 (full 0):
 PSYoungGen      total 76288K, used 64827K [0x000000076ab00000, 0x0000000770000000, 0x00000007c0000000)
  eden space 65536K, 98% used [0x000000076ab00000,0x000000076ea4edd8,0x000000076eb00000)
  from space 10752K, 0% used [0x000000076f580000,0x000000076f580000,0x0000000770000000)
  to   space 10752K, 0% used [0x000000076eb00000,0x000000076eb00000,0x000000076f580000)
 ParOldGen       total 175104K, used 0K [0x00000006c0000000, 0x00000006cab00000, 0x000000076ab00000)
  object space 175104K, 0% used [0x00000006c0000000,0x00000006c0000000,0x00000006cab00000)
 Metaspace       used 16369K, capacity 17160K, committed 17408K, reserved 1064960K
  class space    used 2352K, capacity 2539K, committed 2560K, reserved 1048576K
Event: 7.108 GC heap after
Heap after GC invocations=1 (full 0):
 PSYoungGen      total 76288K, used 10721K [0x000000076ab00000, 0x0000000770000000, 0x00000007c0000000)
  eden space 65536K, 0% used [0x000000076ab00000,0x000000076ab00000,0x000000076eb00000)
  from space 10752K, 99% used [0x000000076eb00000,0x000000076f5785b0,0x000000076f580000)
  to   space 10752K, 0% used [0x000000076f580000,0x000000076f580000,0x0000000770000000)
 ParOldGen       total 175104K, used 11704K [0x00000006c0000000, 0x00000006cab00000, 0x000000076ab00000)
  object space 175104K, 6% used [0x00000006c0000000,0x00000006c0b6e2a0,0x00000006cab00000)
 Metaspace       used 16369K, capacity 17160K, committed 17408K, reserved 1064960K
  class space    used 2352K, capacity 2539K, committed 2560K, reserved 1048576K
}
Event: 8.957 GC heap before
{Heap before GC invocations=2 (full 0):
 PSYoungGen      total 76288K, used 27505K [0x000000076ab00000, 0x0000000770000000, 0x00000007c0000000)
  eden space 65536K, 25% used [0x000000076ab00000,0x000000076bb63fd0,0x000000076eb00000)
  from space 10752K, 99% used [0x000000076eb00000,0x000000076f5785b0,0x000000076f580000)
  to   space 10752K, 0% used [0x000000076f580000,0x000000076f580000,0x0000000770000000)
 ParOldGen       total 175104K, used 11704K [0x00000006c0000000, 0x00000006cab00000, 0x000000076ab00000)
  object space 175104K, 6% used [0x00000006c0000000,0x00000006c0b6e2a0,0x00000006cab00000)
 Metaspace       used 20401K, capacity 21146K, committed 21296K, reserved 1067008K
  class space    used 2719K, capacity 2926K, committed 2944K, reserved 1048576K
Event: 8.966 GC heap after
Heap after GC invocations=2 (full 0):
 PSYoungGen      total 76288K, used 10737K [0x000000076ab00000, 0x0000000770000000, 0x00000007c0000000)
  eden space 65536K, 0% used [0x000000076ab00000,0x000000076ab00000,0x000000076eb00000)
  from space 10752K, 99% used [0x000000076f580000,0x000000076fffc5b0,0x0000000770000000)
  to   space 10752K, 0% used [0x000000076eb00000,0x000000076eb00000,0x000000076f580000)
 ParOldGen       total 175104K, used 21258K [0x00000006c0000000, 0x00000006cab00000, 0x000000076ab00000)
  object space 175104K, 12% used [0x00000006c0000000,0x00000006c14c2be8,0x00000006cab00000)
 Metaspace       used 20401K, capacity 21146K, committed 21296K, reserved 1067008K
  class space    used 2719K, capacity 2926K, committed 2944K, reserved 1048576K
}
Event: 8.966 GC heap before
{Heap before GC invocations=3 (full 1):
 PSYoungGen      total 76288K, used 10737K [0x000000076ab00000, 0x0000000770000000, 0x00000007c0000000)
  eden space 65536K, 0% used [0x000000076ab00000,0x000000076ab00000,0x000000076eb00000)
  from space 10752K, 99% used [0x000000076f580000,0x000000076fffc5b0,0x0000000770000000)
  to   space 10752K, 0% used [0x000000076eb00000,0x000000076eb00000,0x000000076f580000)
 ParOldGen       total 175104K, used 21258K [0x00000006c0000000, 0x00000006cab00000, 0x000000076ab00000)
  object space 175104K, 12% used [0x00000006c0000000,0x00000006c14c2be8,0x00000006cab00000)
 Metaspace       used 20401K, capacity 21146K, committed 21296K, reserved 1067008K
  class space    used 2719K, capacity 2926K, committed 2944K, reserved 1048576K
Event: 8.992 GC heap after
Heap after GC invocations=3 (full 1):
 PSYoungGen      total 76288K, used 0K [0x000000076ab00000, 0x0000000770000000, 0x00000007c0000000)
  eden space 65536K, 0% used [0x000000076ab00000,0x000000076ab00000,0x000000076eb00000)
  from space 10752K, 0% used [0x000000076f580000,0x000000076f580000,0x0000000770000000)
  to   space 10752K, 0% used [0x000000076eb00000,0x000000076eb00000,0x000000076f580000)
 ParOldGen       total 106496K, used 28403K [0x00000006c0000000, 0x00000006c6800000, 0x000000076ab00000)
  object space 106496K, 26% used [0x00000006c0000000,0x00000006c1bbcdb8,0x00000006c6800000)
 Metaspace       used 20401K, capacity 21146K, committed 21296K, reserved 1067008K
  class space    used 2719K, capacity 2926K, committed 2944K, reserved 1048576K
}

